{"C:\\Users\\rrsm2_cesar\\Downloads\\Aula2_testes\\oficinaFeriasJest\\AULA2\\ATIVIDADES\\atividade_aula_2.js": {"path":"C:\\Users\\rrsm2_cesar\\Downloads\\Aula2_testes\\oficinaFeriasJest\\AULA2\\ATIVIDADES\\atividade_aula_2.js","statementMap":{"0":{"start":{"line":2,"column":14},"end":{"line":2,"column":36}},"1":{"start":{"line":2,"column":27},"end":{"line":2,"column":36}},"2":{"start":{"line":5,"column":16},"end":{"line":5,"column":31}},"3":{"start":{"line":5,"column":26},"end":{"line":5,"column":31}},"4":{"start":{"line":8,"column":14},"end":{"line":8,"column":35}},"5":{"start":{"line":8,"column":24},"end":{"line":8,"column":35}},"6":{"start":{"line":11,"column":20},"end":{"line":11,"column":30}},"7":{"start":{"line":11,"column":26},"end":{"line":11,"column":30}},"8":{"start":{"line":14,"column":26},"end":{"line":14,"column":41}},"9":{"start":{"line":14,"column":32},"end":{"line":14,"column":41}},"10":{"start":{"line":17,"column":19},"end":{"line":22,"column":1}},"11":{"start":{"line":18,"column":2},"end":{"line":20,"column":3}},"12":{"start":{"line":19,"column":4},"end":{"line":19,"column":24}},"13":{"start":{"line":21,"column":2},"end":{"line":21,"column":15}},"14":{"start":{"line":25,"column":19},"end":{"line":30,"column":1}},"15":{"start":{"line":26,"column":2},"end":{"line":28,"column":3}},"16":{"start":{"line":27,"column":4},"end":{"line":27,"column":24}},"17":{"start":{"line":29,"column":2},"end":{"line":29,"column":15}},"18":{"start":{"line":33,"column":14},"end":{"line":38,"column":1}},"19":{"start":{"line":34,"column":2},"end":{"line":36,"column":3}},"20":{"start":{"line":35,"column":4},"end":{"line":35,"column":16}},"21":{"start":{"line":37,"column":2},"end":{"line":37,"column":15}},"22":{"start":{"line":41,"column":16},"end":{"line":46,"column":1}},"23":{"start":{"line":42,"column":2},"end":{"line":44,"column":3}},"24":{"start":{"line":43,"column":4},"end":{"line":43,"column":16}},"25":{"start":{"line":45,"column":2},"end":{"line":45,"column":15}},"26":{"start":{"line":49,"column":19},"end":{"line":49,"column":51}},"27":{"start":{"line":49,"column":25},"end":{"line":49,"column":51}},"28":{"start":{"line":52,"column":20},"end":{"line":57,"column":1}},"29":{"start":{"line":53,"column":2},"end":{"line":55,"column":3}},"30":{"start":{"line":54,"column":4},"end":{"line":54,"column":37}},"31":{"start":{"line":56,"column":2},"end":{"line":56,"column":14}},"32":{"start":{"line":59,"column":0},"end":{"line":71,"column":2}}},"fnMap":{"0":{"name":"(anonymous_0)","decl":{"start":{"line":2,"column":14},"end":{"line":2,"column":15}},"loc":{"start":{"line":2,"column":27},"end":{"line":2,"column":36}},"line":2},"1":{"name":"(anonymous_1)","decl":{"start":{"line":5,"column":16},"end":{"line":5,"column":17}},"loc":{"start":{"line":5,"column":26},"end":{"line":5,"column":31}},"line":5},"2":{"name":"(anonymous_2)","decl":{"start":{"line":8,"column":14},"end":{"line":8,"column":15}},"loc":{"start":{"line":8,"column":24},"end":{"line":8,"column":35}},"line":8},"3":{"name":"(anonymous_3)","decl":{"start":{"line":11,"column":20},"end":{"line":11,"column":21}},"loc":{"start":{"line":11,"column":26},"end":{"line":11,"column":30}},"line":11},"4":{"name":"(anonymous_4)","decl":{"start":{"line":14,"column":26},"end":{"line":14,"column":27}},"loc":{"start":{"line":14,"column":32},"end":{"line":14,"column":41}},"line":14},"5":{"name":"(anonymous_5)","decl":{"start":{"line":17,"column":19},"end":{"line":17,"column":20}},"loc":{"start":{"line":17,"column":31},"end":{"line":22,"column":1}},"line":17},"6":{"name":"(anonymous_6)","decl":{"start":{"line":25,"column":19},"end":{"line":25,"column":20}},"loc":{"start":{"line":25,"column":31},"end":{"line":30,"column":1}},"line":25},"7":{"name":"(anonymous_7)","decl":{"start":{"line":33,"column":14},"end":{"line":33,"column":15}},"loc":{"start":{"line":33,"column":26},"end":{"line":38,"column":1}},"line":33},"8":{"name":"(anonymous_8)","decl":{"start":{"line":41,"column":16},"end":{"line":41,"column":17}},"loc":{"start":{"line":41,"column":28},"end":{"line":46,"column":1}},"line":41},"9":{"name":"(anonymous_9)","decl":{"start":{"line":49,"column":19},"end":{"line":49,"column":20}},"loc":{"start":{"line":49,"column":25},"end":{"line":49,"column":51}},"line":49},"10":{"name":"(anonymous_10)","decl":{"start":{"line":52,"column":20},"end":{"line":52,"column":21}},"loc":{"start":{"line":52,"column":30},"end":{"line":57,"column":1}},"line":52}},"branchMap":{"0":{"loc":{"start":{"line":18,"column":2},"end":{"line":20,"column":3}},"type":"if","locations":[{"start":{"line":18,"column":2},"end":{"line":20,"column":3}},{"start":{},"end":{}}],"line":18},"1":{"loc":{"start":{"line":26,"column":2},"end":{"line":28,"column":3}},"type":"if","locations":[{"start":{"line":26,"column":2},"end":{"line":28,"column":3}},{"start":{},"end":{}}],"line":26},"2":{"loc":{"start":{"line":34,"column":2},"end":{"line":36,"column":3}},"type":"if","locations":[{"start":{"line":34,"column":2},"end":{"line":36,"column":3}},{"start":{},"end":{}}],"line":34},"3":{"loc":{"start":{"line":42,"column":2},"end":{"line":44,"column":3}},"type":"if","locations":[{"start":{"line":42,"column":2},"end":{"line":44,"column":3}},{"start":{},"end":{}}],"line":42},"4":{"loc":{"start":{"line":53,"column":2},"end":{"line":55,"column":3}},"type":"if","locations":[{"start":{"line":53,"column":2},"end":{"line":55,"column":3}},{"start":{},"end":{}}],"line":53}},"s":{"0":1,"1":2,"2":1,"3":2,"4":1,"5":2,"6":1,"7":1,"8":1,"9":1,"10":1,"11":2,"12":1,"13":1,"14":1,"15":2,"16":1,"17":1,"18":1,"19":2,"20":1,"21":1,"22":1,"23":2,"24":1,"25":1,"26":1,"27":1,"28":1,"29":2,"30":1,"31":1,"32":1},"f":{"0":2,"1":2,"2":2,"3":1,"4":1,"5":2,"6":2,"7":2,"8":2,"9":1,"10":2},"b":{"0":[1,1],"1":[1,1],"2":[1,1],"3":[1,1],"4":[1,1]},"_coverageSchema":"1a1c01bbd47fc00a2c39e90264f33305004495a9","hash":"e8f345973e213d886e1f77ff0c8f33976e625087"}
}
