TN:
SF:atividade_aula_2.js
FN:2,(anonymous_0)
FN:5,(anonymous_1)
FN:8,(anonymous_2)
FN:11,(anonymous_3)
FN:14,(anonymous_4)
FN:17,(anonymous_5)
FN:25,(anonymous_6)
FN:33,(anonymous_7)
FN:41,(anonymous_8)
FN:49,(anonymous_9)
FN:52,(anonymous_10)
FNF:11
FNH:11
FNDA:2,(anonymous_0)
FNDA:2,(anonymous_1)
FNDA:2,(anonymous_2)
FNDA:1,(anonymous_3)
FNDA:1,(anonymous_4)
FNDA:2,(anonymous_5)
FNDA:2,(anonymous_6)
FNDA:2,(anonymous_7)
FNDA:2,(anonymous_8)
FNDA:1,(anonymous_9)
FNDA:2,(anonymous_10)
DA:2,2
DA:5,2
DA:8,2
DA:11,1
DA:14,1
DA:17,1
DA:18,2
DA:19,1
DA:21,1
DA:25,1
DA:26,2
DA:27,1
DA:29,1
DA:33,1
DA:34,2
DA:35,1
DA:37,1
DA:41,1
DA:42,2
DA:43,1
DA:45,1
DA:49,1
DA:52,1
DA:53,2
DA:54,1
DA:56,1
DA:59,1
LF:27
LH:27
BRDA:18,0,0,1
BRDA:18,0,1,1
BRDA:26,1,0,1
BRDA:26,1,1,1
BRDA:34,2,0,1
BRDA:34,2,1,1
BRDA:42,3,0,1
BRDA:42,3,1,1
BRDA:53,4,0,1
BRDA:53,4,1,1
BRF:10
BRH:10
end_of_record
